FAIL: 1	Assemble Error
FAIL: 01_var_undef	Compile Error
FAIL: 02_var_redef	Compile Error
FAIL: 03_func_undef	Compile Error
FAIL: 04_func_redef	Compile Error
FAIL: 05_func_ret_val1	Compile Error
FAIL: 06_func_ret_val2	Compile Error
FAIL: 07_expr_test	Compile Error
FAIL: 08_cond_test	Assemble Error
PASS: 000_main
PASS: 001_var_defn
PASS: 003_var_defn3
PASS: 008_const_var_defn
PASS: 009_const_var_defn2
PASS: 010_const_var_defn3
PASS: 014_add
PASS: 015_add2
PASS: 016_addc
PASS: 017_sub
PASS: 018_sub2
PASS: 019_subc
PASS: 020_mul
PASS: 021_mulc
PASS: 022_div
PASS: 023_divc
PASS: 024_mod
PASS: 025_rem
FAIL: 026_if	Assemble Error
FAIL: 027_if2	Assemble Error
PASS: 043_op_priority1
PASS: 044_op_priority2
PASS: 045_op_priority3
FAIL: 046_op_priority4	Assemble Error
FAIL: 047_op_priority5	Assemble Error
FAIL: 048_stmt_expr	Assemble Error
FAIL: 049_unary_op	Assemble Error
FAIL: 050_unary_op2	Assemble Error
FAIL: 051_logi_assign	Assemble Error
PASS: 054_hex_defn
PASS: 055_hex_oct_add
PASS: 056_assign_complex_expr
FAIL: 057_if_complex_expr	Assemble Error
PASS: 095_empty_stmt
FAIL: 099_skip_spaces	Assemble Error
FAIL: 1068_accumulate	Assemble Error
FAIL: 1070_multi	Assemble Error
FAIL: 1072_enum	Assemble Error
PASS: 1073_exchange_value
PASS: 012_func_defn
PASS: 013_var_defn_func
FAIL: 028_if_test1	Assemble Error
FAIL: 029_if_test2	Assemble Error
FAIL: 030_if_test3	Assemble Error
FAIL: 031_if_test4	Assemble Error
FAIL: 032_if_test5	Assemble Error
FAIL: 035_while_test2	Assemble Error
FAIL: 036_while_test3	Assemble Error
FAIL: 039_while_if_test1	Assemble Error
FAIL: 040_while_if_test2	Assemble Error
FAIL: 041_while_if_test3	Assemble Error
FAIL: 069_greatest_common_divisor	Assemble Error
FAIL: 100_int_literal	Assemble Error
