57c57
< FAIL: 036_while_test3	Assemble Error
---
> PASS: 036_while_test3
62,63c62,63
< FAIL: 100_int_literal	Assemble Error
< FAIL: 102_short_circuit3	Assemble Error
---
> PASS: 100_int_literal
> PASS: 102_short_circuit3
86,87c86,87
< FAIL: 006_arr_defn3	Assemble Error
< FAIL: 007_arr_defn4	Assemble Error
---
> PASS: 006_arr_defn3
> PASS: 007_arr_defn4
93c93
< FAIL: 066_sort_test6	Assemble Error
---
> PASS: 066_sort_test6
95,102c95,102
< FAIL: 070_multiplication_puzzle	Assemble Error
< FAIL: 071_exchange_array	Assemble Error
< FAIL: 073_backpack	Assemble Error
< FAIL: 074_matrix_add	Assemble Error
< FAIL: 075_matrix_sub	Assemble Error
< FAIL: 076_matrix_mul	Assemble Error
< FAIL: 077_matrix_tran	Assemble Error
< FAIL: 078_big_int_mul	Assemble Error
---
> PASS: 070_multiplication_puzzle
> PASS: 071_exchange_array
> PASS: 073_backpack
> PASS: 074_matrix_add
> PASS: 075_matrix_sub
> PASS: 076_matrix_mul
> PASS: 077_matrix_tran
> PASS: 078_big_int_mul
104,105c104,105
< FAIL: 083_brainfk	Assemble Error
< FAIL: 085_dijkstra	Assemble Error
---
> PASS: 083_brainfk
> PASS: 085_dijkstra
107c107
< FAIL: 089_hidden_var	Assemble Error
---
> PASS: 089_hidden_var
109c109
< FAIL: 092_max_flow	Assemble Error
---
> PASS: 092_max_flow
126c126
< FAIL: 063_sort_test3	Assemble Error
---
> PASS: 063_sort_test3
128,131c128,131
< FAIL: 067_sort_test7	Assemble Error
< FAIL: 072_percolation	Assemble Error
< FAIL: 079_calculator	Assemble Error
< FAIL: 080_color	Assemble Error
---
> PASS: 067_sort_test7
> PASS: 072_percolation
> PASS: 079_calculator
> PASS: 080_color
133c133
< FAIL: 097_var_name	Assemble Error
---
> PASS: 097_var_name
136c136
< FAIL: 104_long_array	Assemble Error
---
> PASS: 104_long_array
138c138
< FAIL: 106_long_code	Assemble Error
---
> FAIL: 106_long_code	Wrong Answer
140c140
< FAIL: 108_many_params	Assemble Error
---
> FAIL: 108_many_params	Wrong Answer
142,143c142,143
< FAIL: 110_many_params3	Assemble Error
< FAIL: 111_many_globals	Assemble Error
---
> PASS: 110_many_params3
> PASS: 111_many_globals
145,147c145,147
< FAIL: 113_many_locals2	Assemble Error
< FAIL: 114_register_alloc	Assemble Error
< FAIL: 115_nested_calls	Assemble Error
---
> PASS: 113_many_locals2
> PASS: 114_register_alloc
> PASS: 115_nested_calls
149c149
< FAIL: 117_nested_loops	Assemble Error
---
> PASS: 117_nested_loops
155c155
< FAIL: 202_register_realloc	Assemble Error
---
> PASS: 202_register_realloc
161c161
< Total: 160	Accept: 100	Fail: 60
---
> Total: 160	Accept: 132	Fail: 28
